<?xml version="1.0" encoding="UTF-8"?>
<testsuite hostname="LORD" name="com.testing.framework.datadriven.suite1.Test1" tests="13" failures="0" timestamp="19 Oct 2014 08:30:50 GMT" time="4.581" errors="0">
  <testcase name="test1" time="0.258" classname="com.testing.framework.datadriven.suite1.Test1">
    <skipped/>
  </testcase>
  <testcase name="test1" time="0.259" classname="com.testing.framework.datadriven.suite1.Test1">
    <skipped/>
  </testcase>
  <testcase name="test1" time="0.193" classname="com.testing.framework.datadriven.suite1.Test1">
    <skipped/>
  </testcase>
  <testcase name="test1" time="0.213" classname="com.testing.framework.datadriven.suite1.Test1">
    <skipped/>
  </testcase>
  <testcase name="test1" time="0.192" classname="com.testing.framework.datadriven.suite1.Test1">
    <skipped/>
  </testcase>
  <testcase name="test1" time="0.209" classname="com.testing.framework.datadriven.suite1.Test1">
    <skipped/>
  </testcase>
  <testcase name="test1" time="0.173" classname="com.testing.framework.datadriven.suite1.Test1">
    <skipped/>
  </testcase>
  <testcase name="test1" time="0.243" classname="com.testing.framework.datadriven.suite1.Test1">
    <skipped/>
  </testcase>
  <testcase name="test1" time="0.218" classname="com.testing.framework.datadriven.suite1.Test1">
    <skipped/>
  </testcase>
  <testcase name="test2" time="0.003" classname="com.testing.framework.datadriven.suite1.Test2">
    <skipped/>
  </testcase>
  <testcase name="test3" time="0.002" classname="com.testing.framework.datadriven.suite1.Test3"/>
  <testcase name="test4" time="0.002" classname="com.testing.framework.datadriven.suite1.Test4"/>
  <testcase name="test5" time="0.001" classname="com.testing.framework.datadriven.suite1.Test5"/>
</testsuite>
