<?xml version="1.0" encoding="UTF-8"?>
<!-- Generated by org.testng.reporters.JUnitXMLReporter -->
<testsuite hostname="LORD" name="Test 1" tests="9" failures="0" timestamp="21 Oct 2014 07:57:56 GMT" time="5.569" errors="0">
  <testcase name="test1" time="0.33" classname="com.testing.framework.datadriven.suite1.Test1">
    <skipped/>
  </testcase> <!-- test1 -->
  <testcase name="test1" time="0.261" classname="com.testing.framework.datadriven.suite1.Test1">
    <skipped/>
  </testcase> <!-- test1 -->
  <testcase name="test1" time="0.187" classname="com.testing.framework.datadriven.suite1.Test1">
    <skipped/>
  </testcase> <!-- test1 -->
  <testcase name="test1" time="0.187" classname="com.testing.framework.datadriven.suite1.Test1">
    <skipped/>
  </testcase> <!-- test1 -->
  <testcase name="test1" time="0.218" classname="com.testing.framework.datadriven.suite1.Test1">
    <skipped/>
  </testcase> <!-- test1 -->
  <testcase name="test1" time="0.184" classname="com.testing.framework.datadriven.suite1.Test1">
    <skipped/>
  </testcase> <!-- test1 -->
  <testcase name="test1" time="0.182" classname="com.testing.framework.datadriven.suite1.Test1">
    <skipped/>
  </testcase> <!-- test1 -->
  <testcase name="test1" time="0.182" classname="com.testing.framework.datadriven.suite1.Test1">
    <skipped/>
  </testcase> <!-- test1 -->
  <testcase name="test1" time="0.155" classname="com.testing.framework.datadriven.suite1.Test1">
    <skipped/>
  </testcase> <!-- test1 -->
</testsuite> <!-- Test 1 -->
